Compiling the CXX compiler identification source file "CMakeCXXCompilerId.cpp" failed.
Compiler: /usr/bin/c++ 
Build flags: 
Id flags: 

The output was:
No such file or directory


Compiling the CXX compiler identification source file "CMakeCXXCompilerId.cpp" failed.
Compiler: /usr/bin/c++ 
Build flags: 
Id flags: -c

The output was:
No such file or directory


Checking whether the CXX compiler is IAR using "" did not match "IAR .+ Compiler":
Compiling the CXX compiler identification source file "CMakeCXXCompilerId.cpp" failed.
Compiler: /usr/bin/c++ 
Build flags: 
Id flags: 

The output was:
No such file or directory


Compiling the CXX compiler identification source file "CMakeCXXCompilerId.cpp" failed.
Compiler: /usr/bin/c++ 
Build flags: 
Id flags: -c

The output was:
No such file or directory


Checking whether the CXX compiler is IAR using "" did not match "IAR .+ Compiler":
Compiling the CXX compiler identification source file "CMakeCXXCompilerId.cpp" failed.
Compiler: /usr/bin/c++ 
Build flags: 
Id flags: 

The output was:
No such file or directory


Compiling the CXX compiler identification source file "CMakeCXXCompilerId.cpp" failed.
Compiler: /usr/bin/c++ 
Build flags: 
Id flags: -c

The output was:
No such file or directory


Checking whether the CXX compiler is IAR using "" did not match "IAR .+ Compiler":
Compiling the CXX compiler identification source file "CMakeCXXCompilerId.cpp" failed.
Compiler: /usr/bin/c++ 
Build flags: 
Id flags: 

The output was:
No such file or directory


Compiling the CXX compiler identification source file "CMakeCXXCompilerId.cpp" failed.
Compiler: /usr/bin/c++ 
Build flags: 
Id flags: -c

The output was:
No such file or directory


Checking whether the CXX compiler is IAR using "" did not match "IAR .+ Compiler":
Compiling the CXX compiler identification source file "CMakeCXXCompilerId.cpp" failed.
Compiler: /usr/bin/c++ 
Build flags: 
Id flags: 

The output was:
No such file or directory


Compiling the CXX compiler identification source file "CMakeCXXCompilerId.cpp" failed.
Compiler: /usr/bin/c++ 
Build flags: 
Id flags: -c

The output was:
No such file or directory


Checking whether the CXX compiler is IAR using "" did not match "IAR .+ Compiler":
Compiling the CXX compiler identification source file "CMakeCXXCompilerId.cpp" failed.
Compiler: /usr/bin/gcc+ 
Build flags: 
Id flags: 

The output was:
No such file or directory


Compiling the CXX compiler identification source file "CMakeCXXCompilerId.cpp" failed.
Compiler: /usr/bin/gcc+ 
Build flags: 
Id flags: -c

The output was:
No such file or directory


Checking whether the CXX compiler is IAR using "" did not match "IAR .+ Compiler":
Compiling the CXX compiler identification source file "CMakeCXXCompilerId.cpp" failed.
Compiler: /usr/bin/gcc+ 
Build flags: 
Id flags: 

The output was:
No such file or directory


Compiling the CXX compiler identification source file "CMakeCXXCompilerId.cpp" failed.
Compiler: /usr/bin/gcc+ 
Build flags: 
Id flags: -c

The output was:
No such file or directory


Checking whether the CXX compiler is IAR using "" did not match "IAR .+ Compiler":
Compiling the CXX compiler identification source file "CMakeCXXCompilerId.cpp" failed.
Compiler: /usr/bin/gcc+ 
Build flags: 
Id flags: 

The output was:
No such file or directory


Compiling the CXX compiler identification source file "CMakeCXXCompilerId.cpp" failed.
Compiler: /usr/bin/gcc+ 
Build flags: 
Id flags: -c

The output was:
No such file or directory


Checking whether the CXX compiler is IAR using "" did not match "IAR .+ Compiler":
Compiling the CXX compiler identification source file "CMakeCXXCompilerId.cpp" failed.
Compiler: /usr/bin/gcc 
Build flags: 
Id flags: 

The output was:
1
gcc: error trying to exec 'cc1plus': execvp: No such file or directory


Compiling the CXX compiler identification source file "CMakeCXXCompilerId.cpp" failed.
Compiler: /usr/bin/gcc 
Build flags: 
Id flags: -c

The output was:
1
gcc: error trying to exec 'cc1plus': execvp: No such file or directory


Checking whether the CXX compiler is IAR using "" did not match "IAR .+ Compiler":
gcc: fatal error: no input files
compilation terminated.
Determining if the CXX compiler works failed with the following output:
Change Dir: /home/cellman123/Desktop/Raptor/Engine/Build/CMake/CMakeFiles/CMakeTmp

Run Build Command:"/usr/bin/make" "cmTC_dc75a/fast"
/usr/bin/make -f CMakeFiles/cmTC_dc75a.dir/build.make CMakeFiles/cmTC_dc75a.dir/build
make[1]: Entering directory '/home/cellman123/Desktop/Raptor/Engine/Build/CMake/CMakeFiles/CMakeTmp'
Building CXX object CMakeFiles/cmTC_dc75a.dir/testCXXCompiler.cxx.o
/usr/bin/gcc      -o CMakeFiles/cmTC_dc75a.dir/testCXXCompiler.cxx.o -c /home/cellman123/Desktop/Raptor/Engine/Build/CMake/CMakeFiles/CMakeTmp/testCXXCompiler.cxx
gcc: error trying to exec 'cc1plus': execvp: No such file or directory
CMakeFiles/cmTC_dc75a.dir/build.make:65: recipe for target 'CMakeFiles/cmTC_dc75a.dir/testCXXCompiler.cxx.o' failed
make[1]: *** [CMakeFiles/cmTC_dc75a.dir/testCXXCompiler.cxx.o] Error 1
make[1]: Leaving directory '/home/cellman123/Desktop/Raptor/Engine/Build/CMake/CMakeFiles/CMakeTmp'
Makefile:126: recipe for target 'cmTC_dc75a/fast' failed
make: *** [cmTC_dc75a/fast] Error 2


Compiling the CXX compiler identification source file "CMakeCXXCompilerId.cpp" failed.
Compiler: /usr/bin/gcc 
Build flags: 
Id flags: 

The output was:
1
gcc: error trying to exec 'cc1plus': execvp: No such file or directory


Compiling the CXX compiler identification source file "CMakeCXXCompilerId.cpp" failed.
Compiler: /usr/bin/gcc 
Build flags: 
Id flags: -c

The output was:
1
gcc: error trying to exec 'cc1plus': execvp: No such file or directory


Checking whether the CXX compiler is IAR using "" did not match "IAR .+ Compiler":
gcc: fatal error: no input files
compilation terminated.
Determining if the CXX compiler works failed with the following output:
Change Dir: /home/cellman123/Desktop/Raptor/Engine/Build/CMake/CMakeFiles/CMakeTmp

Run Build Command:"/usr/bin/make" "cmTC_5b8f3/fast"
make[1]: Entering directory '/home/cellman123/Desktop/Raptor/Engine/Build/CMake/CMakeFiles/CMakeTmp'
/usr/bin/make -f CMakeFiles/cmTC_5b8f3.dir/build.make CMakeFiles/cmTC_5b8f3.dir/build
make[2]: Entering directory '/home/cellman123/Desktop/Raptor/Engine/Build/CMake/CMakeFiles/CMakeTmp'
Building CXX object CMakeFiles/cmTC_5b8f3.dir/testCXXCompiler.cxx.o
/usr/bin/gcc      -o CMakeFiles/cmTC_5b8f3.dir/testCXXCompiler.cxx.o -c /home/cellman123/Desktop/Raptor/Engine/Build/CMake/CMakeFiles/CMakeTmp/testCXXCompiler.cxx
gcc: error trying to exec 'cc1plus': execvp: No such file or directory
CMakeFiles/cmTC_5b8f3.dir/build.make:65: recipe for target 'CMakeFiles/cmTC_5b8f3.dir/testCXXCompiler.cxx.o' failed
make[2]: *** [CMakeFiles/cmTC_5b8f3.dir/testCXXCompiler.cxx.o] Error 1
make[2]: Leaving directory '/home/cellman123/Desktop/Raptor/Engine/Build/CMake/CMakeFiles/CMakeTmp'
Makefile:126: recipe for target 'cmTC_5b8f3/fast' failed
make[1]: *** [cmTC_5b8f3/fast] Error 2
make[1]: Leaving directory '/home/cellman123/Desktop/Raptor/Engine/Build/CMake/CMakeFiles/CMakeTmp'


Compiling the CXX compiler identification source file "CMakeCXXCompilerId.cpp" failed.
Compiler: /usr/bin/gcc 
Build flags: 
Id flags: 

The output was:
1
gcc: error trying to exec 'cc1plus': execvp: No such file or directory


Compiling the CXX compiler identification source file "CMakeCXXCompilerId.cpp" failed.
Compiler: /usr/bin/gcc 
Build flags: 
Id flags: -c

The output was:
1
gcc: error trying to exec 'cc1plus': execvp: No such file or directory


Checking whether the CXX compiler is IAR using "" did not match "IAR .+ Compiler":
gcc: fatal error: no input files
compilation terminated.
Determining if the CXX compiler works failed with the following output:
Change Dir: /home/cellman123/Desktop/Raptor/Engine/Build/CMake/CMakeFiles/CMakeTmp

Run Build Command:"/usr/bin/make" "cmTC_d3ea3/fast"
make[1]: Entering directory '/home/cellman123/Desktop/Raptor/Engine/Build/CMake/CMakeFiles/CMakeTmp'
/usr/bin/make -f CMakeFiles/cmTC_d3ea3.dir/build.make CMakeFiles/cmTC_d3ea3.dir/build
make[2]: Entering directory '/home/cellman123/Desktop/Raptor/Engine/Build/CMake/CMakeFiles/CMakeTmp'
Building CXX object CMakeFiles/cmTC_d3ea3.dir/testCXXCompiler.cxx.o
/usr/bin/gcc      -o CMakeFiles/cmTC_d3ea3.dir/testCXXCompiler.cxx.o -c /home/cellman123/Desktop/Raptor/Engine/Build/CMake/CMakeFiles/CMakeTmp/testCXXCompiler.cxx
gcc: error trying to exec 'cc1plus': execvp: No such file or directory
CMakeFiles/cmTC_d3ea3.dir/build.make:65: recipe for target 'CMakeFiles/cmTC_d3ea3.dir/testCXXCompiler.cxx.o' failed
make[2]: *** [CMakeFiles/cmTC_d3ea3.dir/testCXXCompiler.cxx.o] Error 1
make[2]: Leaving directory '/home/cellman123/Desktop/Raptor/Engine/Build/CMake/CMakeFiles/CMakeTmp'
Makefile:126: recipe for target 'cmTC_d3ea3/fast' failed
make[1]: *** [cmTC_d3ea3/fast] Error 2
make[1]: Leaving directory '/home/cellman123/Desktop/Raptor/Engine/Build/CMake/CMakeFiles/CMakeTmp'


Compiling the CXX compiler identification source file "CMakeCXXCompilerId.cpp" failed.
Compiler: /usr/bin/gcc 
Build flags: 
Id flags: 

The output was:
1
gcc: error trying to exec 'cc1plus': execvp: No such file or directory


Compiling the CXX compiler identification source file "CMakeCXXCompilerId.cpp" failed.
Compiler: /usr/bin/gcc 
Build flags: 
Id flags: -c

The output was:
1
gcc: error trying to exec 'cc1plus': execvp: No such file or directory


Checking whether the CXX compiler is IAR using "" did not match "IAR .+ Compiler":
gcc: fatal error: no input files
compilation terminated.
Determining if the CXX compiler works failed with the following output:
Change Dir: /home/cellman123/Desktop/Raptor/Engine/Build/CMake/CMakeFiles/CMakeTmp

Run Build Command:"/usr/bin/make" "cmTC_0a25b/fast"
/usr/bin/make -f CMakeFiles/cmTC_0a25b.dir/build.make CMakeFiles/cmTC_0a25b.dir/build
make[1]: Entering directory '/home/cellman123/Desktop/Raptor/Engine/Build/CMake/CMakeFiles/CMakeTmp'
Building CXX object CMakeFiles/cmTC_0a25b.dir/testCXXCompiler.cxx.o
/usr/bin/gcc      -o CMakeFiles/cmTC_0a25b.dir/testCXXCompiler.cxx.o -c /home/cellman123/Desktop/Raptor/Engine/Build/CMake/CMakeFiles/CMakeTmp/testCXXCompiler.cxx
gcc: error trying to exec 'cc1plus': execvp: No such file or directory
CMakeFiles/cmTC_0a25b.dir/build.make:65: recipe for target 'CMakeFiles/cmTC_0a25b.dir/testCXXCompiler.cxx.o' failed
make[1]: *** [CMakeFiles/cmTC_0a25b.dir/testCXXCompiler.cxx.o] Error 1
make[1]: Leaving directory '/home/cellman123/Desktop/Raptor/Engine/Build/CMake/CMakeFiles/CMakeTmp'
Makefile:126: recipe for target 'cmTC_0a25b/fast' failed
make: *** [cmTC_0a25b/fast] Error 2


Compiling the CXX compiler identification source file "CMakeCXXCompilerId.cpp" failed.
Compiler: /usr/bin/gcc 
Build flags: 
Id flags: 

The output was:
1
gcc: error trying to exec 'cc1plus': execvp: No such file or directory


Compiling the CXX compiler identification source file "CMakeCXXCompilerId.cpp" failed.
Compiler: /usr/bin/gcc 
Build flags: 
Id flags: -c

The output was:
1
gcc: error trying to exec 'cc1plus': execvp: No such file or directory


Checking whether the CXX compiler is IAR using "" did not match "IAR .+ Compiler":
gcc: fatal error: no input files
compilation terminated.
Determining if the CXX compiler works failed with the following output:
Change Dir: /home/cellman123/Desktop/Raptor/Engine/Build/CMake/CMakeFiles/CMakeTmp

Run Build Command:"/usr/bin/make" "cmTC_b3dc8/fast"
make[1]: Entering directory '/home/cellman123/Desktop/Raptor/Engine/Build/CMake/CMakeFiles/CMakeTmp'
/usr/bin/make -f CMakeFiles/cmTC_b3dc8.dir/build.make CMakeFiles/cmTC_b3dc8.dir/build
make[2]: Entering directory '/home/cellman123/Desktop/Raptor/Engine/Build/CMake/CMakeFiles/CMakeTmp'
Building CXX object CMakeFiles/cmTC_b3dc8.dir/testCXXCompiler.cxx.o
/usr/bin/gcc      -o CMakeFiles/cmTC_b3dc8.dir/testCXXCompiler.cxx.o -c /home/cellman123/Desktop/Raptor/Engine/Build/CMake/CMakeFiles/CMakeTmp/testCXXCompiler.cxx
gcc: error trying to exec 'cc1plus': execvp: No such file or directory
CMakeFiles/cmTC_b3dc8.dir/build.make:65: recipe for target 'CMakeFiles/cmTC_b3dc8.dir/testCXXCompiler.cxx.o' failed
make[2]: *** [CMakeFiles/cmTC_b3dc8.dir/testCXXCompiler.cxx.o] Error 1
make[2]: Leaving directory '/home/cellman123/Desktop/Raptor/Engine/Build/CMake/CMakeFiles/CMakeTmp'
Makefile:126: recipe for target 'cmTC_b3dc8/fast' failed
make[1]: *** [cmTC_b3dc8/fast] Error 2
make[1]: Leaving directory '/home/cellman123/Desktop/Raptor/Engine/Build/CMake/CMakeFiles/CMakeTmp'


Compiling the CXX compiler identification source file "CMakeCXXCompilerId.cpp" failed.
Compiler: /usr/bin/gcc 
Build flags: 
Id flags: 

The output was:
1
gcc: error trying to exec 'cc1plus': execvp: No such file or directory


Compiling the CXX compiler identification source file "CMakeCXXCompilerId.cpp" failed.
Compiler: /usr/bin/gcc 
Build flags: 
Id flags: -c

The output was:
1
gcc: error trying to exec 'cc1plus': execvp: No such file or directory


Checking whether the CXX compiler is IAR using "" did not match "IAR .+ Compiler":
gcc: fatal error: no input files
compilation terminated.
Determining if the CXX compiler works failed with the following output:
Change Dir: /home/cellman123/Desktop/Raptor/Engine/Build/CMake/CMakeFiles/CMakeTmp

Run Build Command:"/usr/bin/make" "cmTC_63fb2/fast"
make[1]: Entering directory '/home/cellman123/Desktop/Raptor/Engine/Build/CMake/CMakeFiles/CMakeTmp'
/usr/bin/make -f CMakeFiles/cmTC_63fb2.dir/build.make CMakeFiles/cmTC_63fb2.dir/build
make[2]: Entering directory '/home/cellman123/Desktop/Raptor/Engine/Build/CMake/CMakeFiles/CMakeTmp'
Building CXX object CMakeFiles/cmTC_63fb2.dir/testCXXCompiler.cxx.o
/usr/bin/gcc      -o CMakeFiles/cmTC_63fb2.dir/testCXXCompiler.cxx.o -c /home/cellman123/Desktop/Raptor/Engine/Build/CMake/CMakeFiles/CMakeTmp/testCXXCompiler.cxx
gcc: error trying to exec 'cc1plus': execvp: No such file or directory
CMakeFiles/cmTC_63fb2.dir/build.make:65: recipe for target 'CMakeFiles/cmTC_63fb2.dir/testCXXCompiler.cxx.o' failed
make[2]: *** [CMakeFiles/cmTC_63fb2.dir/testCXXCompiler.cxx.o] Error 1
make[2]: Leaving directory '/home/cellman123/Desktop/Raptor/Engine/Build/CMake/CMakeFiles/CMakeTmp'
Makefile:126: recipe for target 'cmTC_63fb2/fast' failed
make[1]: *** [cmTC_63fb2/fast] Error 2
make[1]: Leaving directory '/home/cellman123/Desktop/Raptor/Engine/Build/CMake/CMakeFiles/CMakeTmp'


